2026-06-19 16:19:25 @!CALIB ID=68#
2026-06-19 16:19:25 !CALIBRATION DATA#
2026-06-19 16:19:25 !Na=79.46#
2026-06-19 16:19:25 !K=87.61#
2026-06-19 16:19:25 !iCa=46.97#
2026-06-19 16:19:25 !Cl=62.23#
2026-06-19 16:19:25 !mg/dL=0#
2026-06-19 16:19:26 ^
2026-06-19 16:20:35 @!CALIB ID=68#
2026-06-19 16:20:35 !CALIBRATION DATA#
2026-06-19 16:20:35 !Na=79.46#
2026-06-19 16:20:35 !K=87.61#
2026-06-19 16:20:35 !iCa=46.97#
2026-06-19 16:20:35 !Cl=62.23#
2026-06-19 16:20:35 !mg/dL=0#
2026-06-19 16:20:37 ^
2026-06-19 16:21:14 @!SAMPLE ID=71#
2026-06-19 16:21:14 !PATIENT ID=0#
2026-06-19 16:21:14 !ANALYZE SAMPLE DATA#
2026-06-19 16:21:14 !Na=116.10#
2026-06-19 16:21:14 !K=1.86#
2026-06-19 16:21:14 !iCa=1.46#
2026-06-19 16:21:14 !Cl=83.56#
2026-06-19 16:21:15 !mg/dL=0#
2026-06-19 16:21:16 ^
